app/build/outputs/logs/manifest-merger-debug-report.txt
-- Merging decision tree log ---
manifest
ADDED from src\main\AndroidManifest.xml:2:1-18:12
INJECTED from src\main\AndroidManifest.xml:2:1-18:12
INJECTED from src\main\AndroidManifest.xml:2:1-18:12
INJECTED from src\main\AndroidManifest.xml:2:1-18:12
INJECTED from src\main\AndroidManifest.xml:2:1-18:12
INJECTED from src\main\AndroidManifest.xml:2:1-18:12
INJECTED from src\main\AndroidManifest.xml:2:1-18:12
	package
		ADDED from src\main\AndroidManifest.xml:3:5-35
		INJECTED from src\main\AndroidManifest.xml
		INJECTED from src\main\AndroidManifest.xml
	android:versionName
		ADDED from src\main\AndroidManifest.xml:5:5-30
		INJECTED from src\main\AndroidManifest.xml
		INJECTED from src\main\AndroidManifest.xml
	xmlns:android
		ADDED from src\main\AndroidManifest.xml:2:11-69
	android:versionCode
		ADDED from src\main\AndroidManifest.xml:4:5-28
		INJECTED from src\main\AndroidManifest.xml
		INJECTED from src\main\AndroidManifest.xml
uses-sdk
ADDED from src\main\AndroidManifest.xml:7:5-44
INJECTED from src\main\AndroidManifest.xml:7:5-44
INJECTED from src\main\AndroidManifest.xml:7:5-44
INJECTED from src\main\AndroidManifest.xml:7:5-44
INJECTED from src\main\AndroidManifest.xml:7:5-44
	android:targetSdkVersion
		INJECTED from src\main\AndroidManifest.xml
		ADDED from src\main\AndroidManifest.xml:7:5-44
		INJECTED from src\main\AndroidManifest.xml
	android:minSdkVersion
		ADDED from src\main\AndroidManifest.xml:7:15-41
		INJECTED from src\main\AndroidManifest.xml
		INJECTED from src\main\AndroidManifest.xml
application
ADDED from src\main\AndroidManifest.xml:9:5-16:19
	android:label
		ADDED from src\main\AndroidManifest.xml:9:48-78
	android:icon
		ADDED from src\main\AndroidManifest.xml:9:18-47
activity#com.berbon.blueicons.MainActivity
ADDED from src\main\AndroidManifest.xml:10:9-15:20
	android:label
		ADDED from src\main\AndroidManifest.xml:10:68-103
	android:name
		ADDED from src\main\AndroidManifest.xml:10:19-67
intent-filter#android.intent.action.MAIN+com.anddoes.launcher.THEME
ADDED from src\main\AndroidManifest.xml:11:13-14:29
action#android.intent.action.MAIN
ADDED from src\main\AndroidManifest.xml:12:17-69
	android:name
		ADDED from src\main\AndroidManifest.xml:12:25-66
category#com.anddoes.launcher.THEME
ADDED from src\main\AndroidManifest.xml:13:17-71
	android:name
		ADDED from src\main\AndroidManifest.xml:13:27-68